<?xml version="1.0" encoding="UTF-8"?>
<!-- Generated by org.testng.reporters.JUnitReportReporter -->
<testsuite hostname="DESKTOP-O6IR02K" failures="0" tests="1" name="testCases.TC_002_LoginTest" time="2.149" errors="0" timestamp="2024-12-26T20:18:07 IST" skipped="0">
  <testcase classname="testCases.TC_002_LoginTest" name="verify_login" time="2.149"/>
  <system-out/>
</testsuite> <!-- testCases.TC_002_LoginTest -->
