<?xml version="1.0" encoding="UTF-8"?>
<!-- Generated by org.testng.reporters.JUnitReportReporter -->
<testsuite hostname="DESKTOP-O6IR02K" failures="0" tests="1" name="testCases.TC_002_LoginTest" time="1.839" errors="0" timestamp="2024-12-26T21:04:36 IST" skipped="0">
  <testcase classname="testCases.TC_002_LoginTest" name="verify_login" time="1.839"/>
</testsuite> <!-- testCases.TC_002_LoginTest -->
