<?xml version="1.0" encoding="UTF-8"?>
<!-- Generated by org.testng.reporters.JUnitReportReporter -->
<testsuite hostname="DESKTOP-O6IR02K" failures="0" tests="1" name="testCases.TC_001_AccountRegistrationTest" time="4.996" errors="0" timestamp="2024-12-26T21:04:36 IST" skipped="0">
  <testcase classname="testCases.TC_001_AccountRegistrationTest" name="test_account_Registration" time="4.996"/>
</testsuite> <!-- testCases.TC_001_AccountRegistrationTest -->
